<?xml version="1.0" encoding="UTF-8"?>
<testng-results skipped="0" failed="1" total="1" passed="0">
  <reporter-output>
  </reporter-output>
  <suite name="SampleMavenTestNg" duration-ms="52922" started-at="2016-04-21T10:20:10Z" finished-at="2016-04-21T10:21:03Z">
    <groups>
    </groups>
    <test name="SampleMavenTestNgtest" duration-ms="52922" started-at="2016-04-21T10:20:10Z" finished-at="2016-04-21T10:21:03Z">
      <class name="kaplan.DemoMavenProject.NewTest">
        <test-method status="FAIL" signature="f()[pri:0, instance:kaplan.DemoMavenProject.NewTest@107ec20]" name="f" duration-ms="52869" started-at="2016-04-21T15:50:10Z" finished-at="2016-04-21T15:51:03Z">
          <exception class="org.openqa.selenium.WebDriverException">
            <message>
              <![CDATA[Failed to connect to binary FirefoxBinary(C:\Program Files\Mozilla Firefox\firefox.exe) on port 7055; process output follows: 
rue,"active":true,"userDisabled":false,"appDisabled":false,"descriptor":"C:\\Program Files\\Mozilla Firefox\\browser\\extensions\\{972ce4c6-7e08-4474-a285-3208198ce6fd}.xpi","installDate":1460515775583,"updateDate":1460515775583,"applyBackgroundUpdates":1,"skinnable":true,"size":22012,"sourceURI":null,"releaseNotesURI":null,"softDisabled":false,"foreignInstall":false,"hasBinaryComponents":false,"strictCompatibility":true,"locales":[],"targetApplications":[{"id":"{ec8030f7-c20a-464f-9b0e-13a3a9e97384}","minVersion":"45.0.2","maxVersion":"45.0.2"}],"targetPlatforms":[],"seen":true}
1461234020234	addons.xpi	DEBUG	getModTime: Recursive scan of {972ce4c6-7e08-4474-a285-3208198ce6fd}
1461234020234	DeferredSave.extensions.json	DEBUG	Save changes
1461234020235	addons.xpi	DEBUG	Updating database with changes to installed add-ons
1461234020235	addons.xpi-utils	DEBUG	Updating add-on states
1461234020235	addons.xpi-utils	DEBUG	Writing add-ons list
1461234020238	addons.xpi	DEBUG	Registering manifest for C:\Program Files\Mozilla Firefox\browser\features\loop@mozilla.org.xpi
1461234020239	addons.xpi	DEBUG	Calling bootstrap method startup on loop@mozilla.org version 1.1.14
1461234020251	addons.manager	DEBUG	Starting provider: <unnamed-provider>
1461234020251	addons.manager	DEBUG	Registering shutdown blocker for <unnamed-provider>
1461234020251	addons.manager	DEBUG	Provider finished startup: <unnamed-provider>
1461234020262	addons.manager	DEBUG	Registering shutdown blocker for XPIProvider
1461234020263	addons.manager	DEBUG	Provider finished startup: XPIProvider
1461234020263	addons.manager	DEBUG	Starting provider: LightweightThemeManager
1461234020263	addons.manager	DEBUG	Registering shutdown blocker for LightweightThemeManager
1461234020263	addons.manager	DEBUG	Provider finished startup: LightweightThemeManager
1461234020263	addons.manager	DEBUG	Starting provider: GMPProvider
1461234020268	addons.manager	DEBUG	Registering shutdown blocker for GMPProvider
1461234020269	addons.manager	DEBUG	Provider finished startup: GMPProvider
1461234020269	addons.manager	DEBUG	Starting provider: PluginProvider
1461234020269	addons.manager	DEBUG	Registering shutdown blocker for PluginProvider
1461234020269	addons.manager	DEBUG	Provider finished startup: PluginProvider
1461234020269	addons.manager	DEBUG	Completed startup sequence
[GFX1]: Potential driver version mismatch ignored due to missing DLLs
1461234022294	DeferredSave.extensions.json	DEBUG	Starting write
1461234022709	addons.repository	DEBUG	No addons.json found.
1461234022709	DeferredSave.addons.json	DEBUG	Save changes
1461234022734	DeferredSave.addons.json	DEBUG	Starting timer
1461234023157	addons.manager	DEBUG	Starting provider: PreviousExperimentProvider
1461234023157	addons.manager	DEBUG	Registering shutdown blocker for PreviousExperimentProvider
1461234023157	addons.manager	DEBUG	Provider finished startup: PreviousExperimentProvider
1461234023160	DeferredSave.extensions.json	DEBUG	Write succeeded
1461234023161	addons.xpi-utils	DEBUG	XPI Database saved, setting schema version preference to 17
1461234023162	DeferredSave.addons.json	DEBUG	Starting write
1461234023821	DeferredSave.addons.json	DEBUG	Write succeeded
1461234030172	addons.xpi	DEBUG	Calling bootstrap method shutdown on loop@mozilla.org version 1.1.14
1461234031299	addons.manager	DEBUG	shutdown
1461234031300	addons.manager	DEBUG	Calling shutdown blocker for <unnamed-provider>
1461234031300	addons.manager	DEBUG	Calling shutdown blocker for XPIProvider
1461234031300	addons.xpi	DEBUG	shutdown
1461234031301	addons.xpi-utils	DEBUG	shutdown
1461234031301	addons.manager	DEBUG	Calling shutdown blocker for LightweightThemeManager
1461234031302	addons.manager	DEBUG	Calling shutdown blocker for GMPProvider
1461234031304	addons.manager	DEBUG	Calling shutdown blocker for PluginProvider
1461234031305	addons.manager	DEBUG	Calling shutdown blocker for PreviousExperimentProvider
1461234031308	addons.xpi	DEBUG	Notifying XPI shutdown observers
1461234031316	addons.manager	DEBUG	Async provider shutdown done

Build info: version: '2.48.2', revision: '41bccdd10cf2c0560f637404c2d96164b67d9d67', time: '2015-10-09 13:08:06'
System info: host: 'PMISHRA-LAPTOP', ip: '10.163.105.94', os.name: 'Windows 7', os.arch: 'x86', os.version: '6.1', java.version: '1.8.0_45'
Driver info: driver.version: FirefoxDriver]]>
            </message>
            <full-stacktrace>
              <![CDATA[org.openqa.selenium.WebDriverException: Failed to connect to binary FirefoxBinary(C:\Program Files\Mozilla Firefox\firefox.exe) on port 7055; process output follows: 
rue,"active":true,"userDisabled":false,"appDisabled":false,"descriptor":"C:\\Program Files\\Mozilla Firefox\\browser\\extensions\\{972ce4c6-7e08-4474-a285-3208198ce6fd}.xpi","installDate":1460515775583,"updateDate":1460515775583,"applyBackgroundUpdates":1,"skinnable":true,"size":22012,"sourceURI":null,"releaseNotesURI":null,"softDisabled":false,"foreignInstall":false,"hasBinaryComponents":false,"strictCompatibility":true,"locales":[],"targetApplications":[{"id":"{ec8030f7-c20a-464f-9b0e-13a3a9e97384}","minVersion":"45.0.2","maxVersion":"45.0.2"}],"targetPlatforms":[],"seen":true}
1461234020234	addons.xpi	DEBUG	getModTime: Recursive scan of {972ce4c6-7e08-4474-a285-3208198ce6fd}
1461234020234	DeferredSave.extensions.json	DEBUG	Save changes
1461234020235	addons.xpi	DEBUG	Updating database with changes to installed add-ons
1461234020235	addons.xpi-utils	DEBUG	Updating add-on states
1461234020235	addons.xpi-utils	DEBUG	Writing add-ons list
1461234020238	addons.xpi	DEBUG	Registering manifest for C:\Program Files\Mozilla Firefox\browser\features\loop@mozilla.org.xpi
1461234020239	addons.xpi	DEBUG	Calling bootstrap method startup on loop@mozilla.org version 1.1.14
1461234020251	addons.manager	DEBUG	Starting provider: <unnamed-provider>
1461234020251	addons.manager	DEBUG	Registering shutdown blocker for <unnamed-provider>
1461234020251	addons.manager	DEBUG	Provider finished startup: <unnamed-provider>
1461234020262	addons.manager	DEBUG	Registering shutdown blocker for XPIProvider
1461234020263	addons.manager	DEBUG	Provider finished startup: XPIProvider
1461234020263	addons.manager	DEBUG	Starting provider: LightweightThemeManager
1461234020263	addons.manager	DEBUG	Registering shutdown blocker for LightweightThemeManager
1461234020263	addons.manager	DEBUG	Provider finished startup: LightweightThemeManager
1461234020263	addons.manager	DEBUG	Starting provider: GMPProvider
1461234020268	addons.manager	DEBUG	Registering shutdown blocker for GMPProvider
1461234020269	addons.manager	DEBUG	Provider finished startup: GMPProvider
1461234020269	addons.manager	DEBUG	Starting provider: PluginProvider
1461234020269	addons.manager	DEBUG	Registering shutdown blocker for PluginProvider
1461234020269	addons.manager	DEBUG	Provider finished startup: PluginProvider
1461234020269	addons.manager	DEBUG	Completed startup sequence
[GFX1]: Potential driver version mismatch ignored due to missing DLLs
1461234022294	DeferredSave.extensions.json	DEBUG	Starting write
1461234022709	addons.repository	DEBUG	No addons.json found.
1461234022709	DeferredSave.addons.json	DEBUG	Save changes
1461234022734	DeferredSave.addons.json	DEBUG	Starting timer
1461234023157	addons.manager	DEBUG	Starting provider: PreviousExperimentProvider
1461234023157	addons.manager	DEBUG	Registering shutdown blocker for PreviousExperimentProvider
1461234023157	addons.manager	DEBUG	Provider finished startup: PreviousExperimentProvider
1461234023160	DeferredSave.extensions.json	DEBUG	Write succeeded
1461234023161	addons.xpi-utils	DEBUG	XPI Database saved, setting schema version preference to 17
1461234023162	DeferredSave.addons.json	DEBUG	Starting write
1461234023821	DeferredSave.addons.json	DEBUG	Write succeeded
1461234030172	addons.xpi	DEBUG	Calling bootstrap method shutdown on loop@mozilla.org version 1.1.14
1461234031299	addons.manager	DEBUG	shutdown
1461234031300	addons.manager	DEBUG	Calling shutdown blocker for <unnamed-provider>
1461234031300	addons.manager	DEBUG	Calling shutdown blocker for XPIProvider
1461234031300	addons.xpi	DEBUG	shutdown
1461234031301	addons.xpi-utils	DEBUG	shutdown
1461234031301	addons.manager	DEBUG	Calling shutdown blocker for LightweightThemeManager
1461234031302	addons.manager	DEBUG	Calling shutdown blocker for GMPProvider
1461234031304	addons.manager	DEBUG	Calling shutdown blocker for PluginProvider
1461234031305	addons.manager	DEBUG	Calling shutdown blocker for PreviousExperimentProvider
1461234031308	addons.xpi	DEBUG	Notifying XPI shutdown observers
1461234031316	addons.manager	DEBUG	Async provider shutdown done

Build info: version: '2.48.2', revision: '41bccdd10cf2c0560f637404c2d96164b67d9d67', time: '2015-10-09 13:08:06'
System info: host: 'PMISHRA-LAPTOP', ip: '10.163.105.94', os.name: 'Windows 7', os.arch: 'x86', os.version: '6.1', java.version: '1.8.0_45'
Driver info: driver.version: FirefoxDriver
	at org.openqa.selenium.firefox.internal.NewProfileExtensionConnection.start(NewProfileExtensionConnection.java:135)
	at org.openqa.selenium.firefox.FirefoxDriver.startClient(FirefoxDriver.java:271)
	at org.openqa.selenium.remote.RemoteWebDriver.<init>(RemoteWebDriver.java:117)
	at org.openqa.selenium.firefox.FirefoxDriver.<init>(FirefoxDriver.java:216)
	at org.openqa.selenium.firefox.FirefoxDriver.<init>(FirefoxDriver.java:211)
	at org.openqa.selenium.firefox.FirefoxDriver.<init>(FirefoxDriver.java:207)
	at org.openqa.selenium.firefox.FirefoxDriver.<init>(FirefoxDriver.java:120)
	at kaplan.DemoMavenProject.NewTest.f(NewTest.java:16)
	at sun.reflect.NativeMethodAccessorImpl.invoke0(Native Method)
	at sun.reflect.NativeMethodAccessorImpl.invoke(Unknown Source)
	at sun.reflect.DelegatingMethodAccessorImpl.invoke(Unknown Source)
	at java.lang.reflect.Method.invoke(Unknown Source)
	at org.testng.internal.MethodInvocationHelper.invokeMethod(MethodInvocationHelper.java:84)
	at org.testng.internal.Invoker.invokeMethod(Invoker.java:714)
	at org.testng.internal.Invoker.invokeTestMethod(Invoker.java:901)
	at org.testng.internal.Invoker.invokeTestMethods(Invoker.java:1231)
	at org.testng.internal.TestMethodWorker.invokeTestMethods(TestMethodWorker.java:127)
	at org.testng.internal.TestMethodWorker.run(TestMethodWorker.java:111)
	at org.testng.TestRunner.privateRun(TestRunner.java:767)
	at org.testng.TestRunner.run(TestRunner.java:617)
	at org.testng.SuiteRunner.runTest(SuiteRunner.java:334)
	at org.testng.SuiteRunner.access$000(SuiteRunner.java:37)
	at org.testng.SuiteRunner$SuiteWorker.run(SuiteRunner.java:368)
	at org.testng.internal.thread.ThreadUtil$2.call(ThreadUtil.java:64)
	at java.util.concurrent.FutureTask.run(Unknown Source)
	at java.util.concurrent.ThreadPoolExecutor.runWorker(Unknown Source)
	at java.util.concurrent.ThreadPoolExecutor$Worker.run(Unknown Source)
	at java.lang.Thread.run(Unknown Source)
Caused by: org.openqa.selenium.firefox.NotConnectedException: Unable to connect to host 127.0.0.1 on port 7055 after 45000 ms. Firefox console output:
rue,"active":true,"userDisabled":false,"appDisabled":false,"descriptor":"C:\\Program Files\\Mozilla Firefox\\browser\\extensions\\{972ce4c6-7e08-4474-a285-3208198ce6fd}.xpi","installDate":1460515775583,"updateDate":1460515775583,"applyBackgroundUpdates":1,"skinnable":true,"size":22012,"sourceURI":null,"releaseNotesURI":null,"softDisabled":false,"foreignInstall":false,"hasBinaryComponents":false,"strictCompatibility":true,"locales":[],"targetApplications":[{"id":"{ec8030f7-c20a-464f-9b0e-13a3a9e97384}","minVersion":"45.0.2","maxVersion":"45.0.2"}],"targetPlatforms":[],"seen":true}
1461234020234	addons.xpi	DEBUG	getModTime: Recursive scan of {972ce4c6-7e08-4474-a285-3208198ce6fd}
1461234020234	DeferredSave.extensions.json	DEBUG	Save changes
1461234020235	addons.xpi	DEBUG	Updating database with changes to installed add-ons
1461234020235	addons.xpi-utils	DEBUG	Updating add-on states
1461234020235	addons.xpi-utils	DEBUG	Writing add-ons list
1461234020238	addons.xpi	DEBUG	Registering manifest for C:\Program Files\Mozilla Firefox\browser\features\loop@mozilla.org.xpi
1461234020239	addons.xpi	DEBUG	Calling bootstrap method startup on loop@mozilla.org version 1.1.14
1461234020251	addons.manager	DEBUG	Starting provider: <unnamed-provider>
1461234020251	addons.manager	DEBUG	Registering shutdown blocker for <unnamed-provider>
1461234020251	addons.manager	DEBUG	Provider finished startup: <unnamed-provider>
1461234020262	addons.manager	DEBUG	Registering shutdown blocker for XPIProvider
1461234020263	addons.manager	DEBUG	Provider finished startup: XPIProvider
1461234020263	addons.manager	DEBUG	Starting provider: LightweightThemeManager
1461234020263	addons.manager	DEBUG	Registering shutdown blocker for LightweightThemeManager
1461234020263	addons.manager	DEBUG	Provider finished startup: LightweightThemeManager
1461234020263	addons.manager	DEBUG	Starting provider: GMPProvider
1461234020268	addons.manager	DEBUG	Registering shutdown blocker for GMPProvider
1461234020269	addons.manager	DEBUG	Provider finished startup: GMPProvider
1461234020269	addons.manager	DEBUG	Starting provider: PluginProvider
1461234020269	addons.manager	DEBUG	Registering shutdown blocker for PluginProvider
1461234020269	addons.manager	DEBUG	Provider finished startup: PluginProvider
1461234020269	addons.manager	DEBUG	Completed startup sequence
[GFX1]: Potential driver version mismatch ignored due to missing DLLs
1461234022294	DeferredSave.extensions.json	DEBUG	Starting write
1461234022709	addons.repository	DEBUG	No addons.json found.
1461234022709	DeferredSave.addons.json	DEBUG	Save changes
1461234022734	DeferredSave.addons.json	DEBUG	Starting timer
1461234023157	addons.manager	DEBUG	Starting provider: PreviousExperimentProvider
1461234023157	addons.manager	DEBUG	Registering shutdown blocker for PreviousExperimentProvider
1461234023157	addons.manager	DEBUG	Provider finished startup: PreviousExperimentProvider
1461234023160	DeferredSave.extensions.json	DEBUG	Write succeeded
1461234023161	addons.xpi-utils	DEBUG	XPI Database saved, setting schema version preference to 17
1461234023162	DeferredSave.addons.json	DEBUG	Starting write
1461234023821	DeferredSave.addons.json	DEBUG	Write succeeded
1461234030172	addons.xpi	DEBUG	Calling bootstrap method shutdown on loop@mozilla.org version 1.1.14
1461234031299	addons.manager	DEBUG	shutdown
1461234031300	addons.manager	DEBUG	Calling shutdown blocker for <unnamed-provider>
1461234031300	addons.manager	DEBUG	Calling shutdown blocker for XPIProvider
1461234031300	addons.xpi	DEBUG	shutdown
1461234031301	addons.xpi-utils	DEBUG	shutdown
1461234031301	addons.manager	DEBUG	Calling shutdown blocker for LightweightThemeManager
1461234031302	addons.manager	DEBUG	Calling shutdown blocker for GMPProvider
1461234031304	addons.manager	DEBUG	Calling shutdown blocker for PluginProvider
1461234031305	addons.manager	DEBUG	Calling shutdown blocker for PreviousExperimentProvider
1461234031308	addons.xpi	DEBUG	Notifying XPI shutdown observers
1461234031316	addons.manager	DEBUG	Async provider shutdown done

	at org.openqa.selenium.firefox.internal.NewProfileExtensionConnection.start(NewProfileExtensionConnection.java:123)
	... 27 more
]]>
            </full-stacktrace>
          </exception> <!-- org.openqa.selenium.WebDriverException -->
          <reporter-output>
          </reporter-output>
        </test-method> <!-- f -->
      </class> <!-- kaplan.DemoMavenProject.NewTest -->
    </test> <!-- SampleMavenTestNgtest -->
  </suite> <!-- SampleMavenTestNg -->
</testng-results>
