<?xml version="1.0" encoding="UTF-8"?>
<!-- Generated by org.testng.reporters.JUnitXMLReporter -->
<testsuite hostname="PMISHRA-LAPTOP" name="SampleMavenTestNgtest" tests="1" failures="1" timestamp="21 Apr 2016 10:29:29 GMT" time="48.456" errors="0">
  <testcase name="f" time="48.414" classname="kaplan.DemoMavenProject.NewTest">
    <failure type="org.openqa.selenium.WebDriverException" message="Failed to connect to binary FirefoxBinary(C:\Program Files\Mozilla Firefox\firefox.exe) on port 7055; process output follows: 
],&amp;quot;targetApplications&amp;quot;:[{&amp;quot;id&amp;quot;:&amp;quot;{ec8030f7-c20a-464f-9b0e-13a3a9e97384}&amp;quot;,&amp;quot;minVersion&amp;quot;:&amp;quot;45.0&amp;quot;,&amp;quot;maxVersion&amp;quot;:&amp;quot;45.*&amp;quot;},{&amp;quot;id&amp;quot;:&amp;quot;xpcshell@tests.mozilla.org&amp;quot;,&amp;quot;minVersion&amp;quot;:&amp;quot;0&amp;quot;,&amp;quot;maxVersion&amp;quot;:&amp;quot;10&amp;quot;}],&amp;quot;targetPlatforms&amp;quot;:[],&amp;quot;multiprocessCompatible&amp;quot;:false,&amp;quot;seen&amp;quot;:true}
1461234524573	addons.xpi	DEBUG	getModTime: Recursive scan of loop@mozilla.org
1461234524574	addons.xpi	DEBUG	Updating XPIState for {&amp;quot;id&amp;quot;:&amp;quot;{972ce4c6-7e08-4474-a285-3208198ce6fd}&amp;quot;,&amp;quot;syncGUID&amp;quot;:&amp;quot;kdTJPs4eLaKQ&amp;quot;,&amp;quot;location&amp;quot;:&amp;quot;app-global&amp;quot;,&amp;quot;version&amp;quot;:&amp;quot;45.0.2&amp;quot;,&amp;quot;type&amp;quot;:&amp;quot;theme&amp;quot;,&amp;quot;internalName&amp;quot;:&amp;quot;classic/1.0&amp;quot;,&amp;quot;updateURL&amp;quot;:null,&amp;quot;updateKey&amp;quot;:null,&amp;quot;optionsURL&amp;quot;:null,&amp;quot;optionsType&amp;quot;:null,&amp;quot;aboutURL&amp;quot;:null,&amp;quot;icons&amp;quot;:{&amp;quot;32&amp;quot;:&amp;quot;icon.png&amp;quot;,&amp;quot;48&amp;quot;:&amp;quot;icon.png&amp;quot;},&amp;quot;iconURL&amp;quot;:null,&amp;quot;icon64URL&amp;quot;:null,&amp;quot;defaultLocale&amp;quot;:{&amp;quot;name&amp;quot;:&amp;quot;Default&amp;quot;,&amp;quot;description&amp;quot;:&amp;quot;The default theme.&amp;quot;,&amp;quot;creator&amp;quot;:&amp;quot;Mozilla&amp;quot;,&amp;quot;homepageURL&amp;quot;:null,&amp;quot;contributors&amp;quot;:[&amp;quot;Mozilla Contributors&amp;quot;]},&amp;quot;visible&amp;quot;:true,&amp;quot;active&amp;quot;:true,&amp;quot;userDisabled&amp;quot;:false,&amp;quot;appDisabled&amp;quot;:false,&amp;quot;descriptor&amp;quot;:&amp;quot;C:\\Program Files\\Mozilla Firefox\\browser\\extensions\\{972ce4c6-7e08-4474-a285-3208198ce6fd}.xpi&amp;quot;,&amp;quot;installDate&amp;quot;:1460515775583,&amp;quot;updateDate&amp;quot;:1460515775583,&amp;quot;applyBackgroundUpdates&amp;quot;:1,&amp;quot;skinnable&amp;quot;:true,&amp;quot;size&amp;quot;:22012,&amp;quot;sourceURI&amp;quot;:null,&amp;quot;releaseNotesURI&amp;quot;:null,&amp;quot;softDisabled&amp;quot;:false,&amp;quot;foreignInstall&amp;quot;:false,&amp;quot;hasBinaryComponents&amp;quot;:false,&amp;quot;strictCompatibility&amp;quot;:true,&amp;quot;locales&amp;quot;:[],&amp;quot;targetApplications&amp;quot;:[{&amp;quot;id&amp;quot;:&amp;quot;{ec8030f7-c20a-464f-9b0e-13a3a9e97384}&amp;quot;,&amp;quot;minVersion&amp;quot;:&amp;quot;45.0.2&amp;quot;,&amp;quot;maxVersion&amp;quot;:&amp;quot;45.0.2&amp;quot;}],&amp;quot;targetPlatforms&amp;quot;:[],&amp;quot;seen&amp;quot;:true}
1461234524574	addons.xpi	DEBUG	getModTime: Recursive scan of {972ce4c6-7e08-4474-a285-3208198ce6fd}
1461234524575	DeferredSave.extensions.json	DEBUG	Save changes
1461234524575	addons.xpi	DEBUG	Updating database with changes to installed add-ons
1461234524575	addons.xpi-utils	DEBUG	Updating add-on states
1461234524575	addons.xpi-utils	DEBUG	Writing add-ons list
1461234524578	addons.xpi	DEBUG	Registering manifest for C:\Program Files\Mozilla Firefox\browser\features\loop@mozilla.org.xpi
1461234524579	addons.xpi	DEBUG	Calling bootstrap method startup on loop@mozilla.org version 1.1.14
1461234524591	addons.manager	DEBUG	Starting provider: &amp;lt;unnamed-provider&amp;gt;
1461234524591	addons.manager	DEBUG	Registering shutdown blocker for &amp;lt;unnamed-provider&amp;gt;
1461234524591	addons.manager	DEBUG	Provider finished startup: &amp;lt;unnamed-provider&amp;gt;
1461234524603	addons.manager	DEBUG	Registering shutdown blocker for XPIProvider
1461234524603	addons.manager	DEBUG	Provider finished startup: XPIProvider
1461234524603	addons.manager	DEBUG	Starting provider: LightweightThemeManager
1461234524603	addons.manager	DEBUG	Registering shutdown blocker for LightweightThemeManager
1461234524603	addons.manager	DEBUG	Provider finished startup: LightweightThemeManager
1461234524604	addons.manager	DEBUG	Starting provider: GMPProvider
1461234524609	addons.manager	DEBUG	Registering shutdown blocker for GMPProvider
1461234524609	addons.manager	DEBUG	Provider finished startup: GMPProvider
1461234524609	addons.manager	DEBUG	Starting provider: PluginProvider
1461234524609	addons.manager	DEBUG	Registering shutdown blocker for PluginProvider
1461234524609	addons.manager	DEBUG	Provider finished startup: PluginProvider
1461234524609	addons.manager	DEBUG	Completed startup sequence
[GFX1]: Potential driver version mismatch ignored due to missing DLLs
1461234526365	DeferredSave.extensions.json	DEBUG	Starting write
1461234526597	addons.repository	DEBUG	No addons.json found.
1461234526597	DeferredSave.addons.json	DEBUG	Save changes
1461234526599	DeferredSave.addons.json	DEBUG	Starting timer
1461234526730	addons.manager	DEBUG	Starting provider: PreviousExperimentProvider
1461234526730	addons.manager	DEBUG	Registering shutdown blocker for PreviousExperimentProvider
1461234526731	addons.manager	DEBUG	Provider finished startup: PreviousExperimentProvider
1461234526736	DeferredSave.extensions.json	DEBUG	Write succeeded
1461234526737	addons.xpi-utils	DEBUG	XPI Database saved, setting schema version preference to 17
1461234526738	DeferredSave.addons.json	DEBUG	Starting write
1461234526818	DeferredSave.addons.json	DEBUG	Write succeeded

Build info: version: &amp;apos;2.48.2&amp;apos;, revision: &amp;apos;41bccdd10cf2c0560f637404c2d96164b67d9d67&amp;apos;, time: &amp;apos;2015-10-09 13:08:06&amp;apos;
System info: host: &amp;apos;PMISHRA-LAPTOP&amp;apos;, ip: &amp;apos;10.163.105.94&amp;apos;, os.name: &amp;apos;Windows 7&amp;apos;, os.arch: &amp;apos;x86&amp;apos;, os.version: &amp;apos;6.1&amp;apos;, java.version: &amp;apos;1.8.0_45&amp;apos;
Driver info: driver.version: FirefoxDriver">
      <![CDATA[org.openqa.selenium.WebDriverException: Failed to connect to binary FirefoxBinary(C:\Program Files\Mozilla Firefox\firefox.exe) on port 7055; process output follows: 
],"targetApplications":[{"id":"{ec8030f7-c20a-464f-9b0e-13a3a9e97384}","minVersion":"45.0","maxVersion":"45.*"},{"id":"xpcshell@tests.mozilla.org","minVersion":"0","maxVersion":"10"}],"targetPlatforms":[],"multiprocessCompatible":false,"seen":true}
1461234524573	addons.xpi	DEBUG	getModTime: Recursive scan of loop@mozilla.org
1461234524574	addons.xpi	DEBUG	Updating XPIState for {"id":"{972ce4c6-7e08-4474-a285-3208198ce6fd}","syncGUID":"kdTJPs4eLaKQ","location":"app-global","version":"45.0.2","type":"theme","internalName":"classic/1.0","updateURL":null,"updateKey":null,"optionsURL":null,"optionsType":null,"aboutURL":null,"icons":{"32":"icon.png","48":"icon.png"},"iconURL":null,"icon64URL":null,"defaultLocale":{"name":"Default","description":"The default theme.","creator":"Mozilla","homepageURL":null,"contributors":["Mozilla Contributors"]},"visible":true,"active":true,"userDisabled":false,"appDisabled":false,"descriptor":"C:\\Program Files\\Mozilla Firefox\\browser\\extensions\\{972ce4c6-7e08-4474-a285-3208198ce6fd}.xpi","installDate":1460515775583,"updateDate":1460515775583,"applyBackgroundUpdates":1,"skinnable":true,"size":22012,"sourceURI":null,"releaseNotesURI":null,"softDisabled":false,"foreignInstall":false,"hasBinaryComponents":false,"strictCompatibility":true,"locales":[],"targetApplications":[{"id":"{ec8030f7-c20a-464f-9b0e-13a3a9e97384}","minVersion":"45.0.2","maxVersion":"45.0.2"}],"targetPlatforms":[],"seen":true}
1461234524574	addons.xpi	DEBUG	getModTime: Recursive scan of {972ce4c6-7e08-4474-a285-3208198ce6fd}
1461234524575	DeferredSave.extensions.json	DEBUG	Save changes
1461234524575	addons.xpi	DEBUG	Updating database with changes to installed add-ons
1461234524575	addons.xpi-utils	DEBUG	Updating add-on states
1461234524575	addons.xpi-utils	DEBUG	Writing add-ons list
1461234524578	addons.xpi	DEBUG	Registering manifest for C:\Program Files\Mozilla Firefox\browser\features\loop@mozilla.org.xpi
1461234524579	addons.xpi	DEBUG	Calling bootstrap method startup on loop@mozilla.org version 1.1.14
1461234524591	addons.manager	DEBUG	Starting provider: <unnamed-provider>
1461234524591	addons.manager	DEBUG	Registering shutdown blocker for <unnamed-provider>
1461234524591	addons.manager	DEBUG	Provider finished startup: <unnamed-provider>
1461234524603	addons.manager	DEBUG	Registering shutdown blocker for XPIProvider
1461234524603	addons.manager	DEBUG	Provider finished startup: XPIProvider
1461234524603	addons.manager	DEBUG	Starting provider: LightweightThemeManager
1461234524603	addons.manager	DEBUG	Registering shutdown blocker for LightweightThemeManager
1461234524603	addons.manager	DEBUG	Provider finished startup: LightweightThemeManager
1461234524604	addons.manager	DEBUG	Starting provider: GMPProvider
1461234524609	addons.manager	DEBUG	Registering shutdown blocker for GMPProvider
1461234524609	addons.manager	DEBUG	Provider finished startup: GMPProvider
1461234524609	addons.manager	DEBUG	Starting provider: PluginProvider
1461234524609	addons.manager	DEBUG	Registering shutdown blocker for PluginProvider
1461234524609	addons.manager	DEBUG	Provider finished startup: PluginProvider
1461234524609	addons.manager	DEBUG	Completed startup sequence
[GFX1]: Potential driver version mismatch ignored due to missing DLLs
1461234526365	DeferredSave.extensions.json	DEBUG	Starting write
1461234526597	addons.repository	DEBUG	No addons.json found.
1461234526597	DeferredSave.addons.json	DEBUG	Save changes
1461234526599	DeferredSave.addons.json	DEBUG	Starting timer
1461234526730	addons.manager	DEBUG	Starting provider: PreviousExperimentProvider
1461234526730	addons.manager	DEBUG	Registering shutdown blocker for PreviousExperimentProvider
1461234526731	addons.manager	DEBUG	Provider finished startup: PreviousExperimentProvider
1461234526736	DeferredSave.extensions.json	DEBUG	Write succeeded
1461234526737	addons.xpi-utils	DEBUG	XPI Database saved, setting schema version preference to 17
1461234526738	DeferredSave.addons.json	DEBUG	Starting write
1461234526818	DeferredSave.addons.json	DEBUG	Write succeeded

Build info: version: '2.48.2', revision: '41bccdd10cf2c0560f637404c2d96164b67d9d67', time: '2015-10-09 13:08:06'
System info: host: 'PMISHRA-LAPTOP', ip: '10.163.105.94', os.name: 'Windows 7', os.arch: 'x86', os.version: '6.1', java.version: '1.8.0_45'
Driver info: driver.version: FirefoxDriver
	at org.openqa.selenium.firefox.internal.NewProfileExtensionConnection.start(NewProfileExtensionConnection.java:135)
	at org.openqa.selenium.firefox.FirefoxDriver.startClient(FirefoxDriver.java:271)
	at org.openqa.selenium.remote.RemoteWebDriver.<init>(RemoteWebDriver.java:117)
	at org.openqa.selenium.firefox.FirefoxDriver.<init>(FirefoxDriver.java:216)
	at org.openqa.selenium.firefox.FirefoxDriver.<init>(FirefoxDriver.java:211)
	at org.openqa.selenium.firefox.FirefoxDriver.<init>(FirefoxDriver.java:207)
	at org.openqa.selenium.firefox.FirefoxDriver.<init>(FirefoxDriver.java:120)
	at kaplan.DemoMavenProject.NewTest.f(NewTest.java:16)
	at java.util.concurrent.ThreadPoolExecutor.runWorker(ThreadPoolExecutor.java:1142)
	at java.util.concurrent.ThreadPoolExecutor$Worker.run(ThreadPoolExecutor.java:617)
	at java.lang.Thread.run(Thread.java:745)
Caused by: org.openqa.selenium.firefox.NotConnectedException: Unable to connect to host 127.0.0.1 on port 7055 after 45000 ms. Firefox console output:
],"targetApplications":[{"id":"{ec8030f7-c20a-464f-9b0e-13a3a9e97384}","minVersion":"45.0","maxVersion":"45.*"},{"id":"xpcshell@tests.mozilla.org","minVersion":"0","maxVersion":"10"}],"targetPlatforms":[],"multiprocessCompatible":false,"seen":true}
1461234524573	addons.xpi	DEBUG	getModTime: Recursive scan of loop@mozilla.org
1461234524574	addons.xpi	DEBUG	Updating XPIState for {"id":"{972ce4c6-7e08-4474-a285-3208198ce6fd}","syncGUID":"kdTJPs4eLaKQ","location":"app-global","version":"45.0.2","type":"theme","internalName":"classic/1.0","updateURL":null,"updateKey":null,"optionsURL":null,"optionsType":null,"aboutURL":null,"icons":{"32":"icon.png","48":"icon.png"},"iconURL":null,"icon64URL":null,"defaultLocale":{"name":"Default","description":"The default theme.","creator":"Mozilla","homepageURL":null,"contributors":["Mozilla Contributors"]},"visible":true,"active":true,"userDisabled":false,"appDisabled":false,"descriptor":"C:\\Program Files\\Mozilla Firefox\\browser\\extensions\\{972ce4c6-7e08-4474-a285-3208198ce6fd}.xpi","installDate":1460515775583,"updateDate":1460515775583,"applyBackgroundUpdates":1,"skinnable":true,"size":22012,"sourceURI":null,"releaseNotesURI":null,"softDisabled":false,"foreignInstall":false,"hasBinaryComponents":false,"strictCompatibility":true,"locales":[],"targetApplications":[{"id":"{ec8030f7-c20a-464f-9b0e-13a3a9e97384}","minVersion":"45.0.2","maxVersion":"45.0.2"}],"targetPlatforms":[],"seen":true}
1461234524574	addons.xpi	DEBUG	getModTime: Recursive scan of {972ce4c6-7e08-4474-a285-3208198ce6fd}
1461234524575	DeferredSave.extensions.json	DEBUG	Save changes
1461234524575	addons.xpi	DEBUG	Updating database with changes to installed add-ons
1461234524575	addons.xpi-utils	DEBUG	Updating add-on states
1461234524575	addons.xpi-utils	DEBUG	Writing add-ons list
1461234524578	addons.xpi	DEBUG	Registering manifest for C:\Program Files\Mozilla Firefox\browser\features\loop@mozilla.org.xpi
1461234524579	addons.xpi	DEBUG	Calling bootstrap method startup on loop@mozilla.org version 1.1.14
1461234524591	addons.manager	DEBUG	Starting provider: <unnamed-provider>
1461234524591	addons.manager	DEBUG	Registering shutdown blocker for <unnamed-provider>
1461234524591	addons.manager	DEBUG	Provider finished startup: <unnamed-provider>
1461234524603	addons.manager	DEBUG	Registering shutdown blocker for XPIProvider
1461234524603	addons.manager	DEBUG	Provider finished startup: XPIProvider
1461234524603	addons.manager	DEBUG	Starting provider: LightweightThemeManager
1461234524603	addons.manager	DEBUG	Registering shutdown blocker for LightweightThemeManager
1461234524603	addons.manager	DEBUG	Provider finished startup: LightweightThemeManager
1461234524604	addons.manager	DEBUG	Starting provider: GMPProvider
1461234524609	addons.manager	DEBUG	Registering shutdown blocker for GMPProvider
1461234524609	addons.manager	DEBUG	Provider finished startup: GMPProvider
1461234524609	addons.manager	DEBUG	Starting provider: PluginProvider
1461234524609	addons.manager	DEBUG	Registering shutdown blocker for PluginProvider
1461234524609	addons.manager	DEBUG	Provider finished startup: PluginProvider
1461234524609	addons.manager	DEBUG	Completed startup sequence
[GFX1]: Potential driver version mismatch ignored due to missing DLLs
1461234526365	DeferredSave.extensions.json	DEBUG	Starting write
1461234526597	addons.repository	DEBUG	No addons.json found.
1461234526597	DeferredSave.addons.json	DEBUG	Save changes
1461234526599	DeferredSave.addons.json	DEBUG	Starting timer
1461234526730	addons.manager	DEBUG	Starting provider: PreviousExperimentProvider
1461234526730	addons.manager	DEBUG	Registering shutdown blocker for PreviousExperimentProvider
1461234526731	addons.manager	DEBUG	Provider finished startup: PreviousExperimentProvider
1461234526736	DeferredSave.extensions.json	DEBUG	Write succeeded
1461234526737	addons.xpi-utils	DEBUG	XPI Database saved, setting schema version preference to 17
1461234526738	DeferredSave.addons.json	DEBUG	Starting write
1461234526818	DeferredSave.addons.json	DEBUG	Write succeeded

	at org.openqa.selenium.firefox.internal.NewProfileExtensionConnection.start(NewProfileExtensionConnection.java:123)
	... 26 more
... Removed 16 stack frames]]>
    </failure>
  </testcase>
</testsuite>
